This file contains any messages produced by compilers while
running configure, to aid debugging if configure makes a mistake.

It was created by dnsdist configure 1.9.4, which was
generated by GNU Autoconf 2.71.  Invocation command line was

  $ ./configure

## --------- ##
## Platform. ##
## --------- ##

hostname = hendra-desktop
uname -m = x86_64
uname -r = 6.17.0-19-generic
uname -s = Linux
uname -v = #19~24.04.2-Ubuntu SMP PREEMPT_DYNAMIC Fri Mar  6 23:08:46 UTC 2

/usr/bin/uname -p = x86_64
/bin/uname -X     = unknown

/bin/arch              = x86_64
/usr/bin/arch -k       = unknown
/usr/convex/getsysinfo = unknown
/usr/bin/hostinfo      = unknown
/bin/machine           = unknown
/usr/bin/oslevel       = unknown
/bin/universe          = unknown

PATH: /home/hendra/.cargo/bin/
PATH: /usr/local/sbin/
PATH: /usr/local/bin/
PATH: /usr/sbin/
PATH: /usr/bin/
PATH: /sbin/
PATH: /bin/
PATH: /usr/games/
PATH: /usr/local/games/
PATH: /snap/bin/


## ----------- ##
## Core tests. ##
## ----------- ##

configure:3268: looking for aux files: config.guess config.sub ltmain.sh compile missing install-sh
configure:3281:  trying ./
configure:3310:   ./config.guess found
configure:3310:   ./config.sub found
configure:3310:   ./ltmain.sh found
configure:3310:   ./compile found
configure:3310:   ./missing found
configure:3292:   ./install-sh found
configure:3439: checking for a BSD-compatible install
configure:3512: result: /usr/bin/install -c
configure:3523: checking whether build environment is sane
configure:3578: result: yes
configure:3737: checking for a race-free mkdir -p
configure:3781: result: /usr/bin/mkdir -p
configure:3788: checking for gawk
configure:3823: result: no
configure:3788: checking for mawk
configure:3809: found /usr/bin/mawk
configure:3820: result: mawk
configure:3831: checking whether make sets $(MAKE)
configure:3854: result: yes
configure:3884: checking whether make supports nested variables
configure:3902: result: yes
configure:3987: checking whether UID '1000' is supported by ustar format
configure:3990: result: yes
configure:3997: checking whether GID '1000' is supported by ustar format
configure:4000: result: yes
configure:4008: checking how to create a ustar tar archive
configure:4019: tar --version
tar (GNU tar) 1.35
Copyright (C) 2023 Free Software Foundation, Inc.
License GPLv3+: GNU GPL version 3 or later <https://gnu.org/licenses/gpl.html>.
This is free software: you are free to change and redistribute it.
There is NO WARRANTY, to the extent permitted by law.

Written by John Gilmore and Jay Fenlason.
configure:4022: $? = 0
configure:4062: tardir=conftest.dir && eval tar --format=ustar -chf - "$tardir" >conftest.tar
configure:4065: $? = 0
configure:4069: tar -xf - <conftest.tar
configure:4072: $? = 0
configure:4074: cat conftest.dir/file
GrepMe
configure:4077: $? = 0
configure:4091: result: gnutar
configure:4167: checking whether make supports nested variables
configure:4185: result: yes
configure:4261: checking for gcc
configure:4282: found /usr/bin/gcc
configure:4293: result: gcc
configure:4646: checking for C compiler version
configure:4655: gcc --version >&5
gcc (Ubuntu 13.3.0-6ubuntu2~24.04.1) 13.3.0
Copyright (C) 2023 Free Software Foundation, Inc.
This is free software; see the source for copying conditions.  There is NO
warranty; not even for MERCHANTABILITY or FITNESS FOR A PARTICULAR PURPOSE.

configure:4666: $? = 0
configure:4655: gcc -v >&5
Using built-in specs.
COLLECT_GCC=gcc
COLLECT_LTO_WRAPPER=/usr/libexec/gcc/x86_64-linux-gnu/13/lto-wrapper
OFFLOAD_TARGET_NAMES=nvptx-none:amdgcn-amdhsa
OFFLOAD_TARGET_DEFAULT=1
Target: x86_64-linux-gnu
Configured with: ../src/configure -v --with-pkgversion='Ubuntu 13.3.0-6ubuntu2~24.04.1' --with-bugurl=file:///usr/share/doc/gcc-13/README.Bugs --enable-languages=c,ada,c++,go,d,fortran,objc,obj-c++,m2 --prefix=/usr --with-gcc-major-version-only --program-suffix=-13 --program-prefix=x86_64-linux-gnu- --enable-shared --enable-linker-build-id --libexecdir=/usr/libexec --without-included-gettext --enable-threads=posix --libdir=/usr/lib --enable-nls --enable-bootstrap --enable-clocale=gnu --enable-libstdcxx-debug --enable-libstdcxx-time=yes --with-default-libstdcxx-abi=new --enable-libstdcxx-backtrace --enable-gnu-unique-object --disable-vtable-verify --enable-plugin --enable-default-pie --with-system-zlib --enable-libphobos-checking=release --with-target-system-zlib=auto --enable-objc-gc=auto --enable-multiarch --disable-werror --enable-cet --with-arch-32=i686 --with-abi=m64 --with-multilib-list=m32,m64,mx32 --enable-multilib --with-tune=generic --enable-offload-targets=nvptx-none=/build/gcc-13-EldibY/gcc-13-13.3.0/debian/tmp-nvptx/usr,amdgcn-amdhsa=/build/gcc-13-EldibY/gcc-13-13.3.0/debian/tmp-gcn/usr --enable-offload-defaulted --without-cuda-driver --enable-checking=release --build=x86_64-linux-gnu --host=x86_64-linux-gnu --target=x86_64-linux-gnu --with-build-config=bootstrap-lto-lean --enable-link-serialization=2
Thread model: posix
Supported LTO compression algorithms: zlib zstd
gcc version 13.3.0 (Ubuntu 13.3.0-6ubuntu2~24.04.1) 
... rest of stderr output deleted ...
configure:4666: $? = 0
configure:4655: gcc -V >&5
gcc: error: unrecognized command-line option '-V'
gcc: fatal error: no input files
compilation terminated.
configure:4666: $? = 1
configure:4655: gcc -qversion >&5
gcc: error: unrecognized command-line option '-qversion'; did you mean '--version'?
gcc: fatal error: no input files
compilation terminated.
configure:4666: $? = 1
configure:4655: gcc -version >&5
gcc: error: unrecognized command-line option '-version'
gcc: fatal error: no input files
compilation terminated.
configure:4666: $? = 1
configure:4686: checking whether the C compiler works
configure:4708: gcc    conftest.c  >&5
configure:4712: $? = 0
configure:4762: result: yes
configure:4765: checking for C compiler default output file name
configure:4767: result: a.out
configure:4773: checking for suffix of executables
configure:4780: gcc -o conftest    conftest.c  >&5
configure:4784: $? = 0
configure:4807: result: 
configure:4829: checking whether we are cross compiling
configure:4837: gcc -o conftest    conftest.c  >&5
configure:4841: $? = 0
configure:4848: ./conftest
configure:4852: $? = 0
configure:4867: result: no
configure:4872: checking for suffix of object files
configure:4895: gcc -c   conftest.c >&5
configure:4899: $? = 0
configure:4921: result: o
configure:4925: checking whether the compiler supports GNU C
configure:4945: gcc -c   conftest.c >&5
configure:4945: $? = 0
configure:4955: result: yes
configure:4966: checking whether gcc accepts -g
configure:4987: gcc -c -g  conftest.c >&5
configure:4987: $? = 0
configure:5031: result: yes
configure:5051: checking for gcc option to enable C11 features
configure:5066: gcc  -c -g -O2  conftest.c >&5
configure:5066: $? = 0
configure:5084: result: none needed
configure:5200: checking whether gcc understands -c and -o together
configure:5223: gcc -c conftest.c -o conftest2.o
configure:5226: $? = 0
configure:5223: gcc -c conftest.c -o conftest2.o
configure:5226: $? = 0
configure:5238: result: yes
configure:5258: checking whether make supports the include directive
configure:5273: make -f confmf.GNU && cat confinc.out
this is the am__doit target
configure:5276: $? = 0
configure:5295: result: yes (GNU style)
configure:5321: checking dependency style of gcc
configure:5433: result: gcc3
configure:5517: checking for g++
configure:5538: found /usr/bin/g++
configure:5549: result: g++
configure:5576: checking for C++ compiler version
configure:5585: g++ --version >&5
g++ (Ubuntu 13.3.0-6ubuntu2~24.04.1) 13.3.0
Copyright (C) 2023 Free Software Foundation, Inc.
This is free software; see the source for copying conditions.  There is NO
warranty; not even for MERCHANTABILITY or FITNESS FOR A PARTICULAR PURPOSE.

configure:5596: $? = 0
configure:5585: g++ -v >&5
Using built-in specs.
COLLECT_GCC=g++
COLLECT_LTO_WRAPPER=/usr/libexec/gcc/x86_64-linux-gnu/13/lto-wrapper
OFFLOAD_TARGET_NAMES=nvptx-none:amdgcn-amdhsa
OFFLOAD_TARGET_DEFAULT=1
Target: x86_64-linux-gnu
Configured with: ../src/configure -v --with-pkgversion='Ubuntu 13.3.0-6ubuntu2~24.04.1' --with-bugurl=file:///usr/share/doc/gcc-13/README.Bugs --enable-languages=c,ada,c++,go,d,fortran,objc,obj-c++,m2 --prefix=/usr --with-gcc-major-version-only --program-suffix=-13 --program-prefix=x86_64-linux-gnu- --enable-shared --enable-linker-build-id --libexecdir=/usr/libexec --without-included-gettext --enable-threads=posix --libdir=/usr/lib --enable-nls --enable-bootstrap --enable-clocale=gnu --enable-libstdcxx-debug --enable-libstdcxx-time=yes --with-default-libstdcxx-abi=new --enable-libstdcxx-backtrace --enable-gnu-unique-object --disable-vtable-verify --enable-plugin --enable-default-pie --with-system-zlib --enable-libphobos-checking=release --with-target-system-zlib=auto --enable-objc-gc=auto --enable-multiarch --disable-werror --enable-cet --with-arch-32=i686 --with-abi=m64 --with-multilib-list=m32,m64,mx32 --enable-multilib --with-tune=generic --enable-offload-targets=nvptx-none=/build/gcc-13-EldibY/gcc-13-13.3.0/debian/tmp-nvptx/usr,amdgcn-amdhsa=/build/gcc-13-EldibY/gcc-13-13.3.0/debian/tmp-gcn/usr --enable-offload-defaulted --without-cuda-driver --enable-checking=release --build=x86_64-linux-gnu --host=x86_64-linux-gnu --target=x86_64-linux-gnu --with-build-config=bootstrap-lto-lean --enable-link-serialization=2
Thread model: posix
Supported LTO compression algorithms: zlib zstd
gcc version 13.3.0 (Ubuntu 13.3.0-6ubuntu2~24.04.1) 
... rest of stderr output deleted ...
configure:5596: $? = 0
configure:5585: g++ -V >&5
g++: error: unrecognized command-line option '-V'
g++: fatal error: no input files
compilation terminated.
configure:5596: $? = 1
configure:5585: g++ -qversion >&5
g++: error: unrecognized command-line option '-qversion'; did you mean '--version'?
g++: fatal error: no input files
compilation terminated.
configure:5596: $? = 1
configure:5600: checking whether the compiler supports GNU C++
configure:5620: g++ -c   conftest.cpp >&5
configure:5620: $? = 0
configure:5630: result: yes
configure:5641: checking whether g++ accepts -g
configure:5662: g++ -c -g  conftest.cpp >&5
configure:5662: $? = 0
configure:5706: result: yes
configure:5726: checking for g++ option to enable C++11 features
configure:5741: g++  -c -g -O2  conftest.cpp >&5
conftest.cpp: In function 'int main(int, char**)':
conftest.cpp:177:25: warning: empty parentheses were disambiguated as a function declaration [-Wvexing-parse]
  177 |   cxx11test::delegate d2();
      |                         ^~
conftest.cpp:177:25: note: remove parentheses to default-initialize a variable
  177 |   cxx11test::delegate d2();
      |                         ^~
      |                         --
conftest.cpp:177:25: note: or replace parentheses with braces to value-initialize a variable
configure:5741: $? = 0
configure:5759: result: none needed
configure:5825: checking dependency style of g++
configure:5937: result: gcc3
configure:5996: checking build system type
configure:6011: result: x86_64-pc-linux-gnu
configure:6031: checking host system type
configure:6045: result: x86_64-pc-linux-gnu
configure:6086: checking how to print strings
configure:6113: result: printf
configure:6134: checking for a sed that does not truncate output
configure:6204: result: /usr/bin/sed
configure:6222: checking for grep that handles long lines and -e
configure:6286: result: /usr/bin/grep
configure:6291: checking for egrep
configure:6359: result: /usr/bin/grep -E
configure:6364: checking for fgrep
configure:6432: result: /usr/bin/grep -F
configure:6468: checking for ld used by gcc
configure:6536: result: /usr/bin/ld
configure:6543: checking if the linker (/usr/bin/ld) is GNU ld
configure:6559: result: yes
configure:6571: checking for BSD- or MS-compatible name lister (nm)
configure:6626: result: /usr/bin/nm -B
configure:6766: checking the name lister (/usr/bin/nm -B) interface
configure:6774: g++ -c -g -O2  conftest.cpp >&5
configure:6777: /usr/bin/nm -B "conftest.o"
configure:6780: output
0000000000000000 B some_variable
configure:6787: result: BSD nm
configure:6790: checking whether ln -s works
configure:6794: result: yes
configure:6802: checking the maximum length of command line arguments
configure:6934: result: 1572864
configure:6982: checking how to convert x86_64-pc-linux-gnu file names to x86_64-pc-linux-gnu format
configure:7023: result: func_convert_file_noop
configure:7030: checking how to convert x86_64-pc-linux-gnu file names to toolchain format
configure:7051: result: func_convert_file_noop
configure:7058: checking for /usr/bin/ld option to reload object files
configure:7066: result: -r
configure:7145: checking for file
configure:7166: found /usr/bin/file
configure:7177: result: file
configure:7253: checking for objdump
configure:7274: found /usr/bin/objdump
configure:7285: result: objdump
configure:7317: checking how to recognize dependent libraries
configure:7518: result: pass_all
configure:7608: checking for dlltool
configure:7643: result: no
configure:7673: checking how to associate runtime and link libraries
configure:7701: result: printf %s\n
configure:7767: checking for ar
configure:7788: found /usr/bin/ar
configure:7799: result: ar
configure:7852: checking for archiver @FILE support
configure:7870: g++ -c -g -O2  conftest.cpp >&5
configure:7870: $? = 0
configure:7874: ar cr libconftest.a @conftest.lst >&5
configure:7877: $? = 0
configure:7882: ar cr libconftest.a @conftest.lst >&5
ar: conftest.o: No such file or directory
configure:7885: $? = 1
configure:7897: result: @
configure:7960: checking for strip
configure:7981: found /usr/bin/strip
configure:7992: result: strip
configure:8069: checking for ranlib
configure:8090: found /usr/bin/ranlib
configure:8101: result: ranlib
configure:8203: checking command to parse /usr/bin/nm -B output from gcc object
configure:8357: g++ -c -g -O2  conftest.cpp >&5
configure:8360: $? = 0
configure:8364: /usr/bin/nm -B conftest.o \| /usr/bin/sed -n -e 's/^.*[ ]\([ABCDGIRSTW][ABCDGIRSTW]*\)[ ][ ]*\([_A-Za-z][_A-Za-z0-9]*\)$/\1 \2 \2/p' | /usr/bin/sed '/ __gnu_lto/d' \> conftest.nm
configure:8367: $? = 0
configure:8433: g++ -o conftest -g -O2   conftest.cpp conftstm.o >&5
configure:8436: $? = 0
configure:8474: result: ok
configure:8521: checking for sysroot
configure:8552: result: no
configure:8559: checking for a working dd
configure:8603: result: /usr/bin/dd
configure:8607: checking how to truncate binary pipes
configure:8623: result: /usr/bin/dd bs=4096 count=1
configure:8761: g++ -c -g -O2  conftest.cpp >&5
configure:8764: $? = 0
configure:8961: checking for mt
configure:8982: found /usr/bin/mt
configure:8993: result: mt
configure:9016: checking if mt is a manifest tool
configure:9023: mt '-?'
configure:9031: result: no
configure:9756: checking for stdio.h
configure:9756: g++ -c -g -O2  conftest.cpp >&5
configure:9756: $? = 0
configure:9756: result: yes
configure:9756: checking for stdlib.h
configure:9756: g++ -c -g -O2  conftest.cpp >&5
configure:9756: $? = 0
configure:9756: result: yes
configure:9756: checking for string.h
configure:9756: g++ -c -g -O2  conftest.cpp >&5
configure:9756: $? = 0
configure:9756: result: yes
configure:9756: checking for inttypes.h
configure:9756: g++ -c -g -O2  conftest.cpp >&5
configure:9756: $? = 0
configure:9756: result: yes
configure:9756: checking for stdint.h
configure:9756: g++ -c -g -O2  conftest.cpp >&5
configure:9756: $? = 0
configure:9756: result: yes
configure:9756: checking for strings.h
configure:9756: g++ -c -g -O2  conftest.cpp >&5
configure:9756: $? = 0
configure:9756: result: yes
configure:9756: checking for sys/stat.h
configure:9756: g++ -c -g -O2  conftest.cpp >&5
configure:9756: $? = 0
configure:9756: result: yes
configure:9756: checking for sys/types.h
configure:9756: g++ -c -g -O2  conftest.cpp >&5
configure:9756: $? = 0
configure:9756: result: yes
configure:9756: checking for unistd.h
configure:9756: g++ -c -g -O2  conftest.cpp >&5
configure:9756: $? = 0
configure:9756: result: yes
configure:9781: checking for dlfcn.h
configure:9781: g++ -c -g -O2  conftest.cpp >&5
configure:9781: $? = 0
configure:9781: result: yes
configure:10049: checking for objdir
configure:10065: result: .libs
configure:10329: checking if gcc supports -fno-rtti -fno-exceptions
configure:10348: gcc -c -g -O2  -fno-rtti -fno-exceptions conftest.c >&5
cc1: warning: command-line option '-fno-rtti' is valid for C++/D/ObjC++ but not for C
configure:10352: $? = 0
configure:10365: result: no
configure:10723: checking for gcc option to produce PIC
configure:10731: result: -fPIC -DPIC
configure:10739: checking if gcc PIC flag -fPIC -DPIC works
configure:10758: gcc -c -g -O2  -fPIC -DPIC -DPIC conftest.c >&5
configure:10762: $? = 0
configure:10775: result: yes
configure:10804: checking if gcc static flag -static works
configure:10833: result: yes
configure:10848: checking if gcc supports -c -o file.o
configure:10870: gcc -c -g -O2  -o out/conftest2.o conftest.c >&5
configure:10874: $? = 0
configure:10896: result: yes
configure:10904: checking if gcc supports -c -o file.o
configure:10952: result: yes
configure:10985: checking whether the gcc linker (/usr/bin/ld -m elf_x86_64) supports shared libraries
configure:12253: result: yes
configure:12290: checking whether -lc should be explicitly linked in
configure:12299: gcc -c -g -O2  conftest.c >&5
configure:12302: $? = 0
configure:12317: gcc -shared  -fPIC -DPIC conftest.o  -v -Wl,-soname -Wl,conftest -o conftest 2\>\&1 \| /usr/bin/grep  -lc  \>/dev/null 2\>\&1
configure:12320: $? = 0
configure:12334: result: no
configure:12494: checking dynamic linker characteristics
configure:13076: gcc -o conftest -g -O2   -Wl,-rpath -Wl,/foo conftest.c  >&5
configure:13076: $? = 0
configure:13315: result: GNU/Linux ld.so
configure:13437: checking how to hardcode library paths into programs
configure:13462: result: immediate
configure:14014: checking whether stripping libraries is possible
configure:14023: result: yes
configure:14065: checking if libtool supports shared libraries
configure:14067: result: yes
configure:14070: checking whether to build shared libraries
configure:14095: result: yes
configure:14098: checking whether to build static libraries
configure:14102: result: no
configure:14125: checking how to run the C++ preprocessor
configure:14147: g++ -E  conftest.cpp
configure:14147: $? = 0
configure:14162: g++ -E  conftest.cpp
conftest.cpp:24:10: fatal error: ac_nonexistent.h: No such file or directory
   24 | #include <ac_nonexistent.h>
      |          ^~~~~~~~~~~~~~~~~~
compilation terminated.
configure:14162: $? = 1
configure: failed program was:
| /* confdefs.h */
| #define PACKAGE_NAME "dnsdist"
| #define PACKAGE_TARNAME "dnsdist"
| #define PACKAGE_VERSION "1.9.4"
| #define PACKAGE_STRING "dnsdist 1.9.4"
| #define PACKAGE_BUGREPORT ""
| #define PACKAGE_URL ""
| #define PACKAGE "dnsdist"
| #define VERSION "1.9.4"
| #define DNSDIST 1
| #define HAVE_STDIO_H 1
| #define HAVE_STDLIB_H 1
| #define HAVE_STRING_H 1
| #define HAVE_INTTYPES_H 1
| #define HAVE_STDINT_H 1
| #define HAVE_STRINGS_H 1
| #define HAVE_SYS_STAT_H 1
| #define HAVE_SYS_TYPES_H 1
| #define HAVE_UNISTD_H 1
| #define STDC_HEADERS 1
| #define HAVE_DLFCN_H 1
| #define LT_OBJDIR ".libs/"
| /* end confdefs.h.  */
| #include <ac_nonexistent.h>
configure:14189: result: g++ -E
configure:14203: g++ -E  conftest.cpp
configure:14203: $? = 0
configure:14218: g++ -E  conftest.cpp
conftest.cpp:24:10: fatal error: ac_nonexistent.h: No such file or directory
   24 | #include <ac_nonexistent.h>
      |          ^~~~~~~~~~~~~~~~~~
compilation terminated.
configure:14218: $? = 1
configure: failed program was:
| /* confdefs.h */
| #define PACKAGE_NAME "dnsdist"
| #define PACKAGE_TARNAME "dnsdist"
| #define PACKAGE_VERSION "1.9.4"
| #define PACKAGE_STRING "dnsdist 1.9.4"
| #define PACKAGE_BUGREPORT ""
| #define PACKAGE_URL ""
| #define PACKAGE "dnsdist"
| #define VERSION "1.9.4"
| #define DNSDIST 1
| #define HAVE_STDIO_H 1
| #define HAVE_STDLIB_H 1
| #define HAVE_STRING_H 1
| #define HAVE_INTTYPES_H 1
| #define HAVE_STDINT_H 1
| #define HAVE_STRINGS_H 1
| #define HAVE_SYS_STAT_H 1
| #define HAVE_SYS_TYPES_H 1
| #define HAVE_UNISTD_H 1
| #define STDC_HEADERS 1
| #define HAVE_DLFCN_H 1
| #define LT_OBJDIR ".libs/"
| /* end confdefs.h.  */
| #include <ac_nonexistent.h>
configure:14383: checking for ld used by g++
configure:14451: result: /usr/bin/ld -m elf_x86_64
configure:14458: checking if the linker (/usr/bin/ld -m elf_x86_64) is GNU ld
configure:14474: result: yes
configure:14529: checking whether the g++ linker (/usr/bin/ld -m elf_x86_64) supports shared libraries
configure:15607: result: yes
configure:15643: g++ -c -g -O2  conftest.cpp >&5
configure:15646: $? = 0
configure:16127: checking for g++ option to produce PIC
configure:16135: result: -fPIC -DPIC
configure:16143: checking if g++ PIC flag -fPIC -DPIC works
configure:16162: g++ -c -g -O2  -fPIC -DPIC -DPIC conftest.cpp >&5
configure:16166: $? = 0
configure:16179: result: yes
configure:16202: checking if g++ static flag -static works
configure:16231: result: yes
configure:16243: checking if g++ supports -c -o file.o
configure:16265: g++ -c -g -O2  -o out/conftest2.o conftest.cpp >&5
configure:16269: $? = 0
configure:16291: result: yes
configure:16296: checking if g++ supports -c -o file.o
configure:16344: result: yes
configure:16374: checking whether the g++ linker (/usr/bin/ld -m elf_x86_64) supports shared libraries
configure:16414: result: yes
configure:16556: checking dynamic linker characteristics
configure:17304: result: GNU/Linux ld.so
configure:17369: checking how to hardcode library paths into programs
configure:17394: result: immediate
configure:17518: checking for pkg-config
configure:17541: found /usr/bin/pkg-config
configure:17553: result: /usr/bin/pkg-config
configure:17578: checking pkg-config is at least version 0.9.0
configure:17581: result: yes
configure:17590: checking whether we will be linking in libsodium
configure:17601: result: auto
configure:17612: checking for libsodium
configure:17619: $PKG_CONFIG --exists --print-errors "libsodium"
Package libsodium was not found in the pkg-config search path.
Perhaps you should add the directory containing `libsodium.pc'
to the PKG_CONFIG_PATH environment variable
Package 'libsodium', required by 'virtual:world', not found
configure:17622: $? = 1
configure:17636: $PKG_CONFIG --exists --print-errors "libsodium"
Package libsodium was not found in the pkg-config search path.
Perhaps you should add the directory containing `libsodium.pc'
to the PKG_CONFIG_PATH environment variable
Package 'libsodium', required by 'virtual:world', not found
configure:17639: $? = 1
configure:17653: result: no
Package 'libsodium', required by 'virtual:world', not found
configure:17747: checking whether we will be linking in quiche
configure:17759: result: auto
configure:17770: checking for quiche >= 0.15.0
configure:17777: $PKG_CONFIG --exists --print-errors "quiche >= 0.15.0"
Package quiche was not found in the pkg-config search path.
Perhaps you should add the directory containing `quiche.pc'
to the PKG_CONFIG_PATH environment variable
Package 'quiche', required by 'virtual:world', not found
configure:17780: $? = 1
configure:17794: $PKG_CONFIG --exists --print-errors "quiche >= 0.15.0"
Package quiche was not found in the pkg-config search path.
Perhaps you should add the directory containing `quiche.pc'
to the PKG_CONFIG_PATH environment variable
Package 'quiche', required by 'virtual:world', not found
configure:17797: $? = 1
configure:17811: result: no
Package 'quiche', required by 'virtual:world', not found
configure:17869: checking whether we will have dnstap
configure:17879: result: auto
configure:17890: checking for libfstrm
configure:17897: $PKG_CONFIG --exists --print-errors "libfstrm"
Package libfstrm was not found in the pkg-config search path.
Perhaps you should add the directory containing `libfstrm.pc'
to the PKG_CONFIG_PATH environment variable
Package 'libfstrm', required by 'virtual:world', not found
configure:17900: $? = 1
configure:17914: $PKG_CONFIG --exists --print-errors "libfstrm"
Package libfstrm was not found in the pkg-config search path.
Perhaps you should add the directory containing `libfstrm.pc'
to the PKG_CONFIG_PATH environment variable
Package 'libfstrm', required by 'virtual:world', not found
configure:17917: $? = 1
configure:17931: result: no
Package 'libfstrm', required by 'virtual:world', not found
configure:18004: checking for ragel
configure:18039: result: no
configure:18051: checking whether to link in libedit
configure:18063: result: yes
configure:18074: checking for libedit
configure:18081: $PKG_CONFIG --exists --print-errors "libedit"
Package libedit was not found in the pkg-config search path.
Perhaps you should add the directory containing `libedit.pc'
to the PKG_CONFIG_PATH environment variable
Package 'libedit', required by 'virtual:world', not found
configure:18084: $? = 1
configure:18098: $PKG_CONFIG --exists --print-errors "libedit"
Package libedit was not found in the pkg-config search path.
Perhaps you should add the directory containing `libedit.pc'
to the PKG_CONFIG_PATH environment variable
Package 'libedit', required by 'virtual:world', not found
configure:18101: $? = 1
configure:18115: result: no
Package 'libedit', required by 'virtual:world', not found
configure:18166: error: libedit support requested but library not found

## ---------------- ##
## Cache variables. ##
## ---------------- ##

ac_cv_build=x86_64-pc-linux-gnu
ac_cv_c_compiler_gnu=yes
ac_cv_cxx_compiler_gnu=yes
ac_cv_env_BOOST_ROOT_set=
ac_cv_env_BOOST_ROOT_value=
ac_cv_env_BPF_CFLAGS_set=
ac_cv_env_BPF_CFLAGS_value=
ac_cv_env_BPF_LIBS_set=
ac_cv_env_BPF_LIBS_value=
ac_cv_env_CCC_set=
ac_cv_env_CCC_value=
ac_cv_env_CC_set=
ac_cv_env_CC_value=
ac_cv_env_CDB_CFLAGS_set=
ac_cv_env_CDB_CFLAGS_value=
ac_cv_env_CDB_LIBS_set=
ac_cv_env_CDB_LIBS_value=
ac_cv_env_CFLAGS_set=
ac_cv_env_CFLAGS_value=
ac_cv_env_CPPFLAGS_set=
ac_cv_env_CPPFLAGS_value=
ac_cv_env_CXXCPP_set=
ac_cv_env_CXXCPP_value=
ac_cv_env_CXXFLAGS_set=
ac_cv_env_CXXFLAGS_value=
ac_cv_env_CXX_set=
ac_cv_env_CXX_value=
ac_cv_env_FSTRM_CFLAGS_set=
ac_cv_env_FSTRM_CFLAGS_value=
ac_cv_env_FSTRM_LIBS_set=
ac_cv_env_FSTRM_LIBS_value=
ac_cv_env_GNUTLS_CFLAGS_set=
ac_cv_env_GNUTLS_CFLAGS_value=
ac_cv_env_GNUTLS_LIBS_set=
ac_cv_env_GNUTLS_LIBS_value=
ac_cv_env_LDFLAGS_set=
ac_cv_env_LDFLAGS_value=
ac_cv_env_LIBCAP_CFLAGS_set=
ac_cv_env_LIBCAP_CFLAGS_value=
ac_cv_env_LIBCAP_LIBS_set=
ac_cv_env_LIBCAP_LIBS_value=
ac_cv_env_LIBEDIT_CFLAGS_set=
ac_cv_env_LIBEDIT_CFLAGS_value=
ac_cv_env_LIBEDIT_LIBS_set=
ac_cv_env_LIBEDIT_LIBS_value=
ac_cv_env_LIBH2OEVLOOP_CFLAGS_set=
ac_cv_env_LIBH2OEVLOOP_CFLAGS_value=
ac_cv_env_LIBH2OEVLOOP_LIBS_set=
ac_cv_env_LIBH2OEVLOOP_LIBS_value=
ac_cv_env_LIBSODIUM_CFLAGS_set=
ac_cv_env_LIBSODIUM_CFLAGS_value=
ac_cv_env_LIBSODIUM_LIBS_set=
ac_cv_env_LIBSODIUM_LIBS_value=
ac_cv_env_LIBSSL_CFLAGS_set=
ac_cv_env_LIBSSL_CFLAGS_value=
ac_cv_env_LIBSSL_LIBS_set=
ac_cv_env_LIBSSL_LIBS_value=
ac_cv_env_LIBS_set=
ac_cv_env_LIBS_value=
ac_cv_env_LMDB_CFLAGS_set=
ac_cv_env_LMDB_CFLAGS_value=
ac_cv_env_LMDB_LIBS_set=
ac_cv_env_LMDB_LIBS_value=
ac_cv_env_LT_SYS_LIBRARY_PATH_set=
ac_cv_env_LT_SYS_LIBRARY_PATH_value=
ac_cv_env_LUA_CFLAGS_set=
ac_cv_env_LUA_CFLAGS_value=
ac_cv_env_LUA_LIBS_set=
ac_cv_env_LUA_LIBS_value=
ac_cv_env_NGHTTP2_CFLAGS_set=
ac_cv_env_NGHTTP2_CFLAGS_value=
ac_cv_env_NGHTTP2_LIBS_set=
ac_cv_env_NGHTTP2_LIBS_value=
ac_cv_env_PACKAGEVERSION_set=
ac_cv_env_PACKAGEVERSION_value=
ac_cv_env_PKG_CONFIG_LIBDIR_set=
ac_cv_env_PKG_CONFIG_LIBDIR_value=
ac_cv_env_PKG_CONFIG_PATH_set=
ac_cv_env_PKG_CONFIG_PATH_value=
ac_cv_env_PKG_CONFIG_set=
ac_cv_env_PKG_CONFIG_value=
ac_cv_env_PYTHON_set=
ac_cv_env_PYTHON_value=
ac_cv_env_QUICHE_CFLAGS_set=
ac_cv_env_QUICHE_CFLAGS_value=
ac_cv_env_QUICHE_LIBS_set=
ac_cv_env_QUICHE_LIBS_value=
ac_cv_env_RE2_CFLAGS_set=
ac_cv_env_RE2_CFLAGS_value=
ac_cv_env_RE2_LIBS_set=
ac_cv_env_RE2_LIBS_value=
ac_cv_env_SYSTEMD_CFLAGS_set=
ac_cv_env_SYSTEMD_CFLAGS_value=
ac_cv_env_SYSTEMD_LIBS_set=
ac_cv_env_SYSTEMD_LIBS_value=
ac_cv_env_XDP_CFLAGS_set=
ac_cv_env_XDP_CFLAGS_value=
ac_cv_env_XDP_LIBS_set=
ac_cv_env_XDP_LIBS_value=
ac_cv_env_build_alias_set=
ac_cv_env_build_alias_value=
ac_cv_env_host_alias_set=
ac_cv_env_host_alias_value=
ac_cv_env_target_alias_set=
ac_cv_env_target_alias_value=
ac_cv_header_dlfcn_h=yes
ac_cv_header_inttypes_h=yes
ac_cv_header_stdint_h=yes
ac_cv_header_stdio_h=yes
ac_cv_header_stdlib_h=yes
ac_cv_header_string_h=yes
ac_cv_header_strings_h=yes
ac_cv_header_sys_stat_h=yes
ac_cv_header_sys_types_h=yes
ac_cv_header_unistd_h=yes
ac_cv_host=x86_64-pc-linux-gnu
ac_cv_objext=o
ac_cv_path_EGREP='/usr/bin/grep -E'
ac_cv_path_FGREP='/usr/bin/grep -F'
ac_cv_path_GREP=/usr/bin/grep
ac_cv_path_SED=/usr/bin/sed
ac_cv_path_ac_pt_PKG_CONFIG=/usr/bin/pkg-config
ac_cv_path_install='/usr/bin/install -c'
ac_cv_path_lt_DD=/usr/bin/dd
ac_cv_path_mkdir=/usr/bin/mkdir
ac_cv_prog_AWK=mawk
ac_cv_prog_CXXCPP='g++ -E'
ac_cv_prog_ac_ct_AR=ar
ac_cv_prog_ac_ct_CC=gcc
ac_cv_prog_ac_ct_CXX=g++
ac_cv_prog_ac_ct_FILECMD=file
ac_cv_prog_ac_ct_MANIFEST_TOOL=mt
ac_cv_prog_ac_ct_OBJDUMP=objdump
ac_cv_prog_ac_ct_RANLIB=ranlib
ac_cv_prog_ac_ct_STRIP=strip
ac_cv_prog_cc_c11=
ac_cv_prog_cc_g=yes
ac_cv_prog_cc_stdc=
ac_cv_prog_cxx_11=no
ac_cv_prog_cxx_cxx11=
ac_cv_prog_cxx_g=yes
ac_cv_prog_cxx_stdcxx=
ac_cv_prog_make_make_set=yes
am_cv_CC_dependencies_compiler_type=gcc3
am_cv_CXX_dependencies_compiler_type=gcc3
am_cv_make_support_nested_variables=yes
am_cv_prog_cc_c_o=yes
am_cv_prog_tar_ustar=gnutar
lt_cv_ar_at_file=@
lt_cv_archive_cmds_need_lc=no
lt_cv_deplibs_check_method=pass_all
lt_cv_file_magic_cmd='$MAGIC_CMD'
lt_cv_file_magic_test_file=
lt_cv_ld_reload_flag=-r
lt_cv_nm_interface='BSD nm'
lt_cv_objdir=.libs
lt_cv_path_LD=/usr/bin/ld
lt_cv_path_LDCXX='/usr/bin/ld -m elf_x86_64'
lt_cv_path_NM='/usr/bin/nm -B'
lt_cv_path_mainfest_tool=no
lt_cv_prog_compiler_c_o=yes
lt_cv_prog_compiler_c_o_CXX=yes
lt_cv_prog_compiler_pic='-fPIC -DPIC'
lt_cv_prog_compiler_pic_CXX='-fPIC -DPIC'
lt_cv_prog_compiler_pic_works=yes
lt_cv_prog_compiler_pic_works_CXX=yes
lt_cv_prog_compiler_rtti_exceptions=no
lt_cv_prog_compiler_static_works=yes
lt_cv_prog_compiler_static_works_CXX=yes
lt_cv_prog_gnu_ld=yes
lt_cv_prog_gnu_ldcxx=yes
lt_cv_sharedlib_from_linklib_cmd='printf %s\n'
lt_cv_shlibpath_overrides_runpath=yes
lt_cv_sys_global_symbol_pipe='/usr/bin/sed -n -e '\''s/^.*[	 ]\([ABCDGIRSTW][ABCDGIRSTW]*\)[	 ][	 ]*\([_A-Za-z][_A-Za-z0-9]*\)$/\1 \2 \2/p'\'' | /usr/bin/sed '\''/ __gnu_lto/d'\'''
lt_cv_sys_global_symbol_to_c_name_address='/usr/bin/sed -n -e '\''s/^: \(.*\) .*$/  {"\1", (void *) 0},/p'\'' -e '\''s/^[ABCDGIRSTW][ABCDGIRSTW]* .* \(.*\)$/  {"\1", (void *) \&\1},/p'\'''
lt_cv_sys_global_symbol_to_c_name_address_lib_prefix='/usr/bin/sed -n -e '\''s/^: \(.*\) .*$/  {"\1", (void *) 0},/p'\'' -e '\''s/^[ABCDGIRSTW][ABCDGIRSTW]* .* \(lib.*\)$/  {"\1", (void *) \&\1},/p'\'' -e '\''s/^[ABCDGIRSTW][ABCDGIRSTW]* .* \(.*\)$/  {"lib\1", (void *) \&\1},/p'\'''
lt_cv_sys_global_symbol_to_cdecl='/usr/bin/sed -n -e '\''s/^T .* \(.*\)$/extern int \1();/p'\'' -e '\''s/^[ABCDGIRSTW][ABCDGIRSTW]* .* \(.*\)$/extern char \1;/p'\'''
lt_cv_sys_global_symbol_to_import=
lt_cv_sys_max_cmd_len=1572864
lt_cv_to_host_file_cmd=func_convert_file_noop
lt_cv_to_tool_file_cmd=func_convert_file_noop
lt_cv_truncate_bin='/usr/bin/dd bs=4096 count=1'

## ----------------- ##
## Output variables. ##
## ----------------- ##

ACLOCAL='${SHELL} '\''/home/hendra/DNS/.local_dnsdist/dnsdist-1.9.4/missing'\'' aclocal-1.16'
AMDEPBACKSLASH='\'
AMDEP_FALSE='#'
AMDEP_TRUE=''
AMTAR='$${TAR-tar}'
AM_BACKSLASH='\'
AM_CPPFLAGS=''
AM_DEFAULT_V='$(AM_DEFAULT_VERBOSITY)'
AM_DEFAULT_VERBOSITY='0'
AM_V='$(V)'
AR='ar'
ARC4RANDOM_LIBS=''
AUTOCONF='${SHELL} '\''/home/hendra/DNS/.local_dnsdist/dnsdist-1.9.4/missing'\'' autoconf'
AUTOHEADER='${SHELL} '\''/home/hendra/DNS/.local_dnsdist/dnsdist-1.9.4/missing'\'' autoheader'
AUTOMAKE='${SHELL} '\''/home/hendra/DNS/.local_dnsdist/dnsdist-1.9.4/missing'\'' automake-1.16'
AWK='mawk'
BOOST_CPPFLAGS=''
BOOST_LDPATH=''
BOOST_ROOT=''
BOOST_UNIT_TEST_FRAMEWORK_LDFLAGS=''
BOOST_UNIT_TEST_FRAMEWORK_LDPATH=''
BOOST_UNIT_TEST_FRAMEWORK_LIBS=''
BPF_CFLAGS=''
BPF_LIBS=''
CC='gcc'
CCDEPMODE='depmode=gcc3'
CDB_CFLAGS=''
CDB_LIBS=''
CFLAGS='-g -O3 -Wall -Wextra -Wshadow -Wno-unused-parameter -fvisibility=hidden -g -O2'
CPPFLAGS=''
CSCOPE='cscope'
CTAGS='ctags'
CXX='g++'
CXXCPP='g++ -E'
CXXDEPMODE='depmode=gcc3'
CXXFLAGS='-g -O3 -Wall -Wextra -Wshadow -Wno-unused-parameter -Wmissing-declarations -Wredundant-decls -fvisibility=hidden -g -O2'
CYGPATH_W='echo'
DEFS=''
DEPDIR='.deps'
DISTCHECK_CONFIGURE_FLAGS=''
DLLTOOL='false'
DNSCRYPT_FALSE=''
DNSCRYPT_TRUE=''
DSYMUTIL=''
DUMPBIN=''
DYNLINKFLAGS=''
ECHO_C=''
ECHO_N='-n'
ECHO_T=''
EGREP='/usr/bin/grep -E'
ETAGS='etags'
EXEEXT=''
FGREP='/usr/bin/grep -F'
FILECMD='file'
FSTRM_CFLAGS=''
FSTRM_FALSE=''
FSTRM_LIBS=''
FSTRM_TRUE='#'
FUZZ_TARGETS_FALSE=''
FUZZ_TARGETS_TRUE=''
GNUTLS_CFLAGS=''
GNUTLS_LIBS=''
GREP='/usr/bin/grep'
HAVE_CDB_FALSE=''
HAVE_CDB_TRUE=''
HAVE_CXX17=''
HAVE_DARWIN_FALSE=''
HAVE_DARWIN_TRUE=''
HAVE_DNS_OVER_HTTP3_FALSE=''
HAVE_DNS_OVER_HTTP3_TRUE=''
HAVE_DNS_OVER_HTTPS_FALSE=''
HAVE_DNS_OVER_HTTPS_TRUE=''
HAVE_DNS_OVER_QUIC_FALSE=''
HAVE_DNS_OVER_QUIC_TRUE=''
HAVE_DNS_OVER_TLS_FALSE=''
HAVE_DNS_OVER_TLS_TRUE=''
HAVE_EBPF_FALSE=''
HAVE_EBPF_TRUE=''
HAVE_FREEBSD_FALSE=''
HAVE_FREEBSD_TRUE=''
HAVE_GNUTLS_FALSE=''
HAVE_GNUTLS_TRUE=''
HAVE_LIBCAP_FALSE=''
HAVE_LIBCAP_TRUE=''
HAVE_LIBCRYPTO_FALSE=''
HAVE_LIBCRYPTO_TRUE=''
HAVE_LIBEDIT_FALSE=''
HAVE_LIBEDIT_TRUE='#'
HAVE_LIBH2OEVLOOP_FALSE=''
HAVE_LIBH2OEVLOOP_TRUE=''
HAVE_LIBSSL_FALSE=''
HAVE_LIBSSL_TRUE=''
HAVE_LINUX_FALSE=''
HAVE_LINUX_TRUE=''
HAVE_LMDB_FALSE=''
HAVE_LMDB_TRUE=''
HAVE_LUA_HPP_FALSE=''
HAVE_LUA_HPP_TRUE=''
HAVE_MANPAGES_FALSE=''
HAVE_MANPAGES_TRUE=''
HAVE_NET_SNMP_FALSE=''
HAVE_NET_SNMP_TRUE=''
HAVE_NGHTTP2_FALSE=''
HAVE_NGHTTP2_TRUE=''
HAVE_OPENBSD_FALSE=''
HAVE_OPENBSD_TRUE=''
HAVE_QUICHE_FALSE=''
HAVE_QUICHE_TRUE='#'
HAVE_RE2_FALSE=''
HAVE_RE2_TRUE=''
HAVE_SOLARIS_FALSE=''
HAVE_SOLARIS_TRUE=''
HAVE_SYSTEMD_DYNAMIC_USER_FALSE=''
HAVE_SYSTEMD_DYNAMIC_USER_TRUE=''
HAVE_SYSTEMD_FALSE=''
HAVE_SYSTEMD_LOCK_PERSONALITY_FALSE=''
HAVE_SYSTEMD_LOCK_PERSONALITY_TRUE=''
HAVE_SYSTEMD_MEMORY_DENY_WRITE_EXECUTE_FALSE=''
HAVE_SYSTEMD_MEMORY_DENY_WRITE_EXECUTE_TRUE=''
HAVE_SYSTEMD_PERCENT_T_FALSE=''
HAVE_SYSTEMD_PERCENT_T_TRUE=''
HAVE_SYSTEMD_PRIVATE_DEVICES_FALSE=''
HAVE_SYSTEMD_PRIVATE_DEVICES_TRUE=''
HAVE_SYSTEMD_PRIVATE_IPC_FALSE=''
HAVE_SYSTEMD_PRIVATE_IPC_TRUE=''
HAVE_SYSTEMD_PRIVATE_MOUNTS_FALSE=''
HAVE_SYSTEMD_PRIVATE_MOUNTS_TRUE=''
HAVE_SYSTEMD_PRIVATE_TMP_FALSE=''
HAVE_SYSTEMD_PRIVATE_TMP_TRUE=''
HAVE_SYSTEMD_PRIVATE_USERS_FALSE=''
HAVE_SYSTEMD_PRIVATE_USERS_TRUE=''
HAVE_SYSTEMD_PROTECT_CLOCK_FALSE=''
HAVE_SYSTEMD_PROTECT_CLOCK_TRUE=''
HAVE_SYSTEMD_PROTECT_CONTROL_GROUPS_FALSE=''
HAVE_SYSTEMD_PROTECT_CONTROL_GROUPS_TRUE=''
HAVE_SYSTEMD_PROTECT_HOME_FALSE=''
HAVE_SYSTEMD_PROTECT_HOME_TRUE=''
HAVE_SYSTEMD_PROTECT_HOSTNAME_FALSE=''
HAVE_SYSTEMD_PROTECT_HOSTNAME_TRUE=''
HAVE_SYSTEMD_PROTECT_KERNEL_LOGS_FALSE=''
HAVE_SYSTEMD_PROTECT_KERNEL_LOGS_TRUE=''
HAVE_SYSTEMD_PROTECT_KERNEL_MODULES_FALSE=''
HAVE_SYSTEMD_PROTECT_KERNEL_MODULES_TRUE=''
HAVE_SYSTEMD_PROTECT_KERNEL_TUNABLES_FALSE=''
HAVE_SYSTEMD_PROTECT_KERNEL_TUNABLES_TRUE=''
HAVE_SYSTEMD_PROTECT_PROC_FALSE=''
HAVE_SYSTEMD_PROTECT_PROC_TRUE=''
HAVE_SYSTEMD_PROTECT_SYSTEM_FALSE=''
HAVE_SYSTEMD_PROTECT_SYSTEM_STRICT_FALSE=''
HAVE_SYSTEMD_PROTECT_SYSTEM_STRICT_TRUE=''
HAVE_SYSTEMD_PROTECT_SYSTEM_TRUE=''
HAVE_SYSTEMD_REMOVE_IPC_FALSE=''
HAVE_SYSTEMD_REMOVE_IPC_TRUE=''
HAVE_SYSTEMD_RESTRICT_ADDRESS_FAMILIES_FALSE=''
HAVE_SYSTEMD_RESTRICT_ADDRESS_FAMILIES_TRUE=''
HAVE_SYSTEMD_RESTRICT_NAMESPACES_FALSE=''
HAVE_SYSTEMD_RESTRICT_NAMESPACES_TRUE=''
HAVE_SYSTEMD_RESTRICT_REALTIME_FALSE=''
HAVE_SYSTEMD_RESTRICT_REALTIME_TRUE=''
HAVE_SYSTEMD_RESTRICT_SUIDSGID_FALSE=''
HAVE_SYSTEMD_RESTRICT_SUIDSGID_TRUE=''
HAVE_SYSTEMD_SYSTEM_CALL_ARCHITECTURES_FALSE=''
HAVE_SYSTEMD_SYSTEM_CALL_ARCHITECTURES_TRUE=''
HAVE_SYSTEMD_SYSTEM_CALL_FILTER_FALSE=''
HAVE_SYSTEMD_SYSTEM_CALL_FILTER_TRUE=''
HAVE_SYSTEMD_TRUE=''
HAVE_SYSTEMD_WITH_RUNTIME_DIR_ENV_FALSE=''
HAVE_SYSTEMD_WITH_RUNTIME_DIR_ENV_TRUE=''
HAVE_TLS_PROVIDERS_FALSE=''
HAVE_TLS_PROVIDERS_TRUE=''
HAVE_VENV_FALSE=''
HAVE_VENV_TRUE=''
HAVE_XSK_FALSE=''
HAVE_XSK_TRUE=''
INSTALL_DATA='${INSTALL} -m 644'
INSTALL_PROGRAM='${INSTALL}'
INSTALL_SCRIPT='${INSTALL}'
INSTALL_STRIP_PROGRAM='$(install_sh) -c -s'
IPCIPHER_FALSE=''
IPCIPHER_TRUE=''
IPCRYPT_CFLAGS=''
IPCRYPT_LIBS=''
LD='/usr/bin/ld -m elf_x86_64'
LDFLAGS=''
LIBCAP_CFLAGS=''
LIBCAP_LIBS=''
LIBCRYPTO_INCLUDES=''
LIBCRYPTO_LDFLAGS=''
LIBCRYPTO_LIBS=''
LIBEDIT_CFLAGS=''
LIBEDIT_LIBS=''
LIBH2OEVLOOP_CFLAGS=''
LIBH2OEVLOOP_LIBS=''
LIBOBJS=''
LIBS=''
LIBSODIUM_CFLAGS=''
LIBSODIUM_FALSE=''
LIBSODIUM_LIBS=''
LIBSODIUM_TRUE='#'
LIBSSL_CFLAGS=''
LIBSSL_LIBS=''
LIBTOOL='$(SHELL) $(top_builddir)/libtool'
LIPO=''
LMDB_CFLAGS=''
LMDB_LIBS=''
LN_S='ln -s'
LTLIBOBJS=''
LT_SYS_LIBRARY_PATH=''
LUA_CFLAGS=''
LUA_FALSE=''
LUA_LIBS=''
LUA_TRUE=''
MAKEINFO='${SHELL} '\''/home/hendra/DNS/.local_dnsdist/dnsdist-1.9.4/missing'\'' makeinfo'
MANIFEST_TOOL=':'
MKDIR_P='/usr/bin/mkdir -p'
NET_SNMP_LIBS=''
NGHTTP2_CFLAGS=''
NGHTTP2_LIBS=''
NM='/usr/bin/nm -B'
NMEDIT=''
OBJDUMP='objdump'
OBJEXT='o'
OTOOL64=''
OTOOL=''
PACKAGE='dnsdist'
PACKAGEVERSION=''
PACKAGE_BUGREPORT=''
PACKAGE_NAME='dnsdist'
PACKAGE_STRING='dnsdist 1.9.4'
PACKAGE_TARNAME='dnsdist'
PACKAGE_URL=''
PACKAGE_VERSION='1.9.4'
PATH_SEPARATOR=':'
PIE_CFLAGS=''
PIE_LDFLAGS=''
PKG_CONFIG='/usr/bin/pkg-config'
PKG_CONFIG_LIBDIR=''
PKG_CONFIG_PATH=''
PROGRAM_LDFLAGS=''
PYTHON=''
PYTHON_EXEC_PREFIX=''
PYTHON_PLATFORM=''
PYTHON_PREFIX=''
PYTHON_VERSION=''
QUICHE_CFLAGS=''
QUICHE_LIBS=''
RAGEL=''
RANLIB='ranlib'
RE2_CFLAGS=''
RE2_LIBS=''
RELRO_LDFLAGS=''
RT_LIBS=''
SANITIZER_FLAGS=''
SED='/usr/bin/sed'
SET_MAKE=''
SHELL='/bin/bash'
STRIP='strip'
SYSTEMCTL=''
SYSTEMD_CFLAGS=''
SYSTEMD_DIR=''
SYSTEMD_LIBS=''
SYSTEMD_MODULES_LOAD=''
THREADFLAGS=''
UNIT_TESTS_FALSE=''
UNIT_TESTS_TRUE=''
VERSION='1.9.4'
WARN_CFLAGS=''
XDP_CFLAGS=''
XDP_LIBS=''
YAHTTP_CFLAGS=''
YAHTTP_LIBS=''
ac_ct_AR='ar'
ac_ct_CC='gcc'
ac_ct_CXX='g++'
ac_ct_DUMPBIN=''
am__EXEEXT_FALSE=''
am__EXEEXT_TRUE=''
am__fastdepCC_FALSE='#'
am__fastdepCC_TRUE=''
am__fastdepCXX_FALSE='#'
am__fastdepCXX_TRUE=''
am__include='include'
am__isrc=''
am__leading_dot='.'
am__nodep='_no'
am__quote=''
am__tar='tar --format=ustar -chf - "$$tardir"'
am__untar='tar -xf -'
bindir='${exec_prefix}/bin'
build='x86_64-pc-linux-gnu'
build_alias=''
build_cpu='x86_64'
build_os='linux-gnu'
build_vendor='pc'
datadir='${datarootdir}'
datarootdir='${prefix}/share'
docdir='${datarootdir}/doc/${PACKAGE_TARNAME}'
dvidir='${docdir}'
exec_prefix='NONE'
host='x86_64-pc-linux-gnu'
host_alias=''
host_cpu='x86_64'
host_os='linux-gnu'
host_vendor='pc'
htmldir='${docdir}'
includedir='${prefix}/include'
infodir='${datarootdir}/info'
install_sh='${SHELL} /home/hendra/DNS/.local_dnsdist/dnsdist-1.9.4/install-sh'
libdir='${exec_prefix}/lib'
libexecdir='${exec_prefix}/libexec'
localedir='${datarootdir}/locale'
localstatedir='${prefix}/var'
mandir='${datarootdir}/man'
mkdir_p='$(MKDIR_P)'
oldincludedir='/usr/include'
pdfdir='${docdir}'
pkgpyexecdir=''
pkgpythondir=''
prefix='NONE'
program_transform_name='s,x,x,'
psdir='${docdir}'
pyexecdir=''
pythondir=''
runstatedir='${localstatedir}/run'
sbindir='${exec_prefix}/sbin'
service_group=''
service_user=''
sharedstatedir='${prefix}/com'
sysconfdir='${prefix}/etc'
systemd=''
target_alias=''

## ----------- ##
## confdefs.h. ##
## ----------- ##

/* confdefs.h */
#define PACKAGE_NAME "dnsdist"
#define PACKAGE_TARNAME "dnsdist"
#define PACKAGE_VERSION "1.9.4"
#define PACKAGE_STRING "dnsdist 1.9.4"
#define PACKAGE_BUGREPORT ""
#define PACKAGE_URL ""
#define PACKAGE "dnsdist"
#define VERSION "1.9.4"
#define DNSDIST 1
#define HAVE_STDIO_H 1
#define HAVE_STDLIB_H 1
#define HAVE_STRING_H 1
#define HAVE_INTTYPES_H 1
#define HAVE_STDINT_H 1
#define HAVE_STRINGS_H 1
#define HAVE_SYS_STAT_H 1
#define HAVE_SYS_TYPES_H 1
#define HAVE_UNISTD_H 1
#define STDC_HEADERS 1
#define HAVE_DLFCN_H 1
#define LT_OBJDIR ".libs/"

configure: exit 1
